[handleMsg]:  {
  key: {
    remoteJid: '593959999086@s.whatsapp.net',
    fromMe: false,
    id: '3EB0DEFA4A979E79664E',
    participant: undefined
  },
  messageTimestamp: 1677722285,
  pushName: 'Harold Hernández 😎',
  message: Message {
    conversation: 'hola',
    messageContextInfo: MessageContextInfo {
      deviceListMetadata: [DeviceListMetadata],
      deviceListMetadataVersion: 2
    }
  },
  body: 'hola',
  from: '593959999086'
}
[handleMsg]:  {
  key: {
    remoteJid: '593959999086@s.whatsapp.net',
    fromMe: false,
    id: '3EB068EAD769A06F2C60',
    participant: undefined
  },
  messageTimestamp: 1677722304,
  pushName: 'Harold Hernández 😎',
  message: Message {
    messageContextInfo: MessageContextInfo {
      deviceListMetadata: [DeviceListMetadata],
      deviceListMetadataVersion: 2
    },
    buttonsResponseMessage: ButtonsResponseMessage {
      selectedButtonId: 'id-btn-1',
      selectedDisplayText: 'Ver la potencia de un cliente ⚡',
      contextInfo: [ContextInfo],
      type: 1
    }
  },
  body: 'Ver la potencia de un cliente ⚡',
  from: '593959999086'
}
[handleMsg]:  {
  key: {
    remoteJid: '593959999086@s.whatsapp.net',
    fromMe: false,
    id: '3EB0F61909E74CAEEE3A',
    participant: undefined
  },
  messageTimestamp: 1677722318,
  pushName: 'Harold Hernández 😎',
  message: Message {
    conversation: 'ampa',
    messageContextInfo: MessageContextInfo {
      deviceListMetadata: [DeviceListMetadata],
      deviceListMetadataVersion: 2
    }
  },
  body: 'ampa',
  from: '593959999086'
}
[handleMsg]:  {
  key: {
    remoteJid: '593959999086@s.whatsapp.net',
    fromMe: false,
    id: '3EB0B3D66DBDB8E99359',
    participant: undefined
  },
  messageTimestamp: 1677722335,
  pushName: 'Harold Hernández 😎',
  message: Message {
    conversation: '1',
    messageContextInfo: MessageContextInfo {
      deviceListMetadata: [DeviceListMetadata],
      deviceListMetadataVersion: 2
    }
  },
  body: '1',
  from: '593959999086'
}
